This is pdfTeX, Version 3.14159265-2.6-1.40.20 (TeX Live 2019/Debian) (preloaded format=pdflatex 2024.3.15)  26 MAY 2025 20:22
entering extended mode
 \write18 enabled.
 file:line:error style messages enabled.
 %&-line parsing enabled.
**/home/sees/CommLineProg/study/diplom/mag/new.tex
(/home/sees/CommLineProg/study/diplom/mag/new.tex
LaTeX2e <2020-02-02> patch level 2
L3 programming layer <2020-02-14> (/usr/share/texlive/texmf-dist/tex/latex/extsizes/extreport.cls
Document Class: extreport 1996/10/08 v1.0 Non Standard LaTeX document class
(/usr/share/texlive/texmf-dist/tex/latex/extsizes/size14.clo
File: size14.clo 1999/11/11 v1.4a NON-Standard LaTeX file (size option)
) (/usr/share/texlive/texmf-dist/tex/latex/base/exscale.sty
Package: exscale 2018/09/24 v2.1i Standard LaTeX package exscale
LaTeX Font Info:    Redeclaring symbol font `largesymbols' on input line 57.
LaTeX Font Info:    Overwriting symbol font `largesymbols' in version `normal'
(Font)                  OMX/cmex/m/n --> OMX/cmex/m/n on input line 57.
LaTeX Font Info:    Overwriting symbol font `largesymbols' in version `bold'
(Font)                  OMX/cmex/m/n --> OMX/cmex/m/n on input line 57.
\big@size=\dimen134
)
\c@part=\count167
\c@chapter=\count168
\c@section=\count169
\c@subsection=\count170
\c@subsubsection=\count171
\c@paragraph=\count172
\c@subparagraph=\count173
\c@figure=\count174
\c@table=\count175
\abovecaptionskip=\skip47
\belowcaptionskip=\skip48
\bibindent=\dimen135
) (/usr/share/texlive/texmf-dist/tex/latex/base/inputenc.sty
Package: inputenc 2018/08/11 v1.3c Input encoding file
\inpenc@prehook=\toks14
\inpenc@posthook=\toks15
 (/usr/share/texlive/texmf-dist/tex/latex/ucs/utf8x.def
File: utf8x.def 2004/10/17 UCS: Input encoding UTF-8
)) (/usr/share/texlive/texmf-dist/tex/latex/ucs/ucs.sty
Package: ucs 2013/05/11 v2.2 UCS: Unicode input support
 (/usr/share/texlive/texmf-dist/tex/latex/ucs/data/uni-global.def
File: uni-global.def 2013/05/13 UCS: Unicode global data
)
\uc@secondtry=\count176
\uc@combtoks=\toks16
\uc@combtoksb=\toks17
\uc@temptokena=\toks18
) (/usr/share/texlive/texmf-dist/tex/generic/babel/babel.sty
Package: babel 2020/02/14 3.40 The Babel package
 (/usr/share/texlive/texmf-dist/tex/generic/babel/switch.def
File: switch.def 2020/02/14 3.40 Babel switching mechanism
) (/usr/share/texlive/texmf-dist/tex/generic/babel-russian/russianb.ldf
Language: russian 2017/08/12 1.3j Russian support for the Babel system
 (/usr/share/texlive/texmf-dist/tex/generic/babel/babel.def
File: babel.def 2020/02/14 3.40 Babel common definitions
\babel@savecnt=\count177
\U@D=\dimen136
 (/usr/share/texlive/texmf-dist/tex/generic/babel/txtbabel.def)
\bbl@readstream=\read2
\bbl@dirlevel=\count178
)

Package babel Warning: No Cyrillic font encoding has been loaded so far.
(babel)                A font encoding should be declared before babel.
(babel)                Default `T2A' encoding will be loaded  on input line 74.

(/usr/share/texlive/texmf-dist/tex/latex/cyrillic/t2aenc.def
File: t2aenc.def 2005/09/27 v1.0i Cyrillic encoding definition file
)
Package babel Info: Making " an active character on input line 120.
Package babel Info: Default for \cyrdash is provided on input line 157.
)) (/usr/share/texlive/texmf-dist/tex/latex/graphics/graphicx.sty
Package: graphicx 2019/11/30 v1.2a Enhanced LaTeX Graphics (DPC,SPQR)
 (/usr/share/texlive/texmf-dist/tex/latex/graphics/keyval.sty
Package: keyval 2014/10/28 v1.15 key=value parser (DPC)
\KV@toks@=\toks19
) (/usr/share/texlive/texmf-dist/tex/latex/graphics/graphics.sty
Package: graphics 2019/11/30 v1.4a Standard LaTeX Graphics (DPC,SPQR)
 (/usr/share/texlive/texmf-dist/tex/latex/graphics/trig.sty
Package: trig 2016/01/03 v1.10 sin cos tan (DPC)
) (/usr/share/texlive/texmf-dist/tex/latex/graphics-cfg/graphics.cfg
File: graphics.cfg 2016/06/04 v1.11 sample graphics configuration
)
Package graphics Info: Driver file: pdftex.def on input line 105.
 (/usr/share/texlive/texmf-dist/tex/latex/graphics-def/pdftex.def
File: pdftex.def 2018/01/08 v1.0l Graphics/color driver for pdftex
))
\Gin@req@height=\dimen137
\Gin@req@width=\dimen138
) (/usr/share/texlive/texmf-dist/tex/latex/amsmath/amsmath.sty
Package: amsmath 2020/01/20 v2.17e AMS math features
\@mathmargin=\skip49

For additional information on amsmath, use the `?' option.
(/usr/share/texlive/texmf-dist/tex/latex/amsmath/amstext.sty
Package: amstext 2000/06/29 v2.01 AMS text
 (/usr/share/texlive/texmf-dist/tex/latex/amsmath/amsgen.sty
File: amsgen.sty 1999/11/30 v2.0 generic functions
\@emptytoks=\toks20
\ex@=\dimen139
)) (/usr/share/texlive/texmf-dist/tex/latex/amsmath/amsbsy.sty
Package: amsbsy 1999/11/29 v1.2d Bold Symbols
\pmbraise@=\dimen140
) (/usr/share/texlive/texmf-dist/tex/latex/amsmath/amsopn.sty
Package: amsopn 2016/03/08 v2.02 operator names
)
\inf@bad=\count179
LaTeX Info: Redefining \frac on input line 227.
\uproot@=\count180
\leftroot@=\count181
LaTeX Info: Redefining \overline on input line 389.
\classnum@=\count182
\DOTSCASE@=\count183
LaTeX Info: Redefining \ldots on input line 486.
LaTeX Info: Redefining \dots on input line 489.
LaTeX Info: Redefining \cdots on input line 610.
\Mathstrutbox@=\box45
\strutbox@=\box46
\big@size=\dimen141
LaTeX Font Info:    Redeclaring font encoding OML on input line 733.
LaTeX Font Info:    Redeclaring font encoding OMS on input line 734.
\macc@depth=\count184
\c@MaxMatrixCols=\count185
\dotsspace@=\muskip16
\c@parentequation=\count186
\dspbrk@lvl=\count187
\tag@help=\toks21
\row@=\count188
\column@=\count189
\maxfields@=\count190
\andhelp@=\toks22
\eqnshift@=\dimen142
\alignsep@=\dimen143
\tagshift@=\dimen144
\tagwidth@=\dimen145
\totwidth@=\dimen146
\lineht@=\dimen147
\@envbody=\toks23
\multlinegap=\skip50
\multlinetaggap=\skip51
\mathdisplay@stack=\toks24
LaTeX Info: Redefining \[ on input line 2859.
LaTeX Info: Redefining \] on input line 2860.
) (/usr/share/texlive/texmf-dist/tex/latex/import/import.sty
Package: import 2009/03/23  v 5.1
) (/usr/share/texlive/texmf-dist/tex/latex/xifthen/xifthen.sty
Package: xifthen 2015/11/05 v1.4.0 Extended ifthen features
 (/usr/share/texlive/texmf-dist/tex/latex/tools/calc.sty
Package: calc 2017/05/25 v4.3 Infix arithmetic (KKT,FJ)
\calc@Acount=\count191
\calc@Bcount=\count192
\calc@Adimen=\dimen148
\calc@Bdimen=\dimen149
\calc@Askip=\skip52
\calc@Bskip=\skip53
LaTeX Info: Redefining \setlength on input line 80.
LaTeX Info: Redefining \addtolength on input line 81.
\calc@Ccount=\count193
\calc@Cskip=\skip54
) (/usr/share/texlive/texmf-dist/tex/latex/base/ifthen.sty
Package: ifthen 2014/09/29 v1.1c Standard LaTeX ifthen package (DPC)
) (/usr/share/texlive/texmf-dist/tex/latex/ifmtarg/ifmtarg.sty
Package: ifmtarg 2018/04/16 v1.2b check for an empty argument
)) (/usr/share/texlive/texmf-dist/tex/latex/pdfpages/pdfpages.sty
Package: pdfpages 2020/01/28 v0.5q Insert pages of external PDF documents (AM)
 (/usr/share/texlive/texmf-dist/tex/latex/eso-pic/eso-pic.sty
Package: eso-pic 2018/04/12 v2.0h eso-pic (RN)
 (/usr/share/texlive/texmf-dist/tex/generic/atbegshi/atbegshi.sty
Package: atbegshi 2019/12/05 v1.19 At begin shipout hook (HO)
 (/usr/share/texlive/texmf-dist/tex/generic/infwarerr/infwarerr.sty
Package: infwarerr 2019/12/03 v1.5 Providing info/warning/error messages (HO)
) (/usr/share/texlive/texmf-dist/tex/generic/ltxcmds/ltxcmds.sty
Package: ltxcmds 2019/12/15 v1.24 LaTeX kernel commands for general use (HO)
) (/usr/share/texlive/texmf-dist/tex/generic/iftex/iftex.sty
Package: iftex 2019/11/07 v1.0c TeX engine tests
)) (/usr/share/texlive/texmf-dist/tex/latex/xcolor/xcolor.sty
Package: xcolor 2016/05/11 v2.12 LaTeX color extensions (UK)
 (/usr/share/texlive/texmf-dist/tex/latex/graphics-cfg/color.cfg
File: color.cfg 2016/01/02 v1.6 sample color configuration
)
Package xcolor Info: Driver file: pdftex.def on input line 225.
Package xcolor Info: Model `cmy' substituted by `cmy0' on input line 1348.
Package xcolor Info: Model `hsb' substituted by `rgb' on input line 1352.
Package xcolor Info: Model `RGB' extended on input line 1364.
Package xcolor Info: Model `HTML' substituted by `rgb' on input line 1366.
Package xcolor Info: Model `Hsb' substituted by `hsb' on input line 1367.
Package xcolor Info: Model `tHsb' substituted by `hsb' on input line 1368.
Package xcolor Info: Model `HSB' substituted by `hsb' on input line 1369.
Package xcolor Info: Model `Gray' substituted by `gray' on input line 1370.
Package xcolor Info: Model `wave' substituted by `hsb' on input line 1371.
))
\AM@pagewidth=\dimen150
\AM@pageheight=\dimen151
 (/usr/share/texlive/texmf-dist/tex/latex/pdfpages/pppdftex.def
File: pppdftex.def 2020/01/28 v0.5q Pdfpages driver for pdfTeX (AM)
)
\AM@pagebox=\box47
\AM@global@opts=\toks25
\AM@pagecnt=\count194
\AM@toc@title=\toks26
\c@AM@survey=\count195
\AM@templatesizebox=\box48
) (/usr/share/texlive/texmf-dist/tex/latex/transparent/transparent.sty
Package: transparent 2019/11/29 v1.4 Transparency via pdfTeX's color stack (HO)
 (/usr/share/texlive/texmf-dist/tex/latex/auxhook/auxhook.sty
Package: auxhook 2019-12-17 v1.6 Hooks for auxiliary files (HO)
)) (/usr/share/texlive/texmf-dist/tex/latex/setspace/setspace.sty
Package: setspace 2011/12/19 v6.7a set line spacing
) (/usr/share/texlive/texmf-dist/tex/latex/geometry/geometry.sty
Package: geometry 2020/01/02 v5.9 Page Geometry
 (/usr/share/texlive/texmf-dist/tex/generic/iftex/ifvtex.sty
Package: ifvtex 2019/10/25 v1.7 ifvtex legacy package. Use iftex instead.
)
\Gm@cnth=\count196
\Gm@cntv=\count197
\c@Gm@tempcnt=\count198
\Gm@bindingoffset=\dimen152
\Gm@wd@mp=\dimen153
\Gm@odd@mp=\dimen154
\Gm@even@mp=\dimen155
\Gm@layoutwidth=\dimen156
\Gm@layoutheight=\dimen157
\Gm@layouthoffset=\dimen158
\Gm@layoutvoffset=\dimen159
\Gm@dimlist=\toks27
) (/usr/share/texlive/texmf-dist/tex/latex/titlesec/titlesec.sty
Package: titlesec 2019/10/16 v2.13 Sectioning titles
\ttl@box=\box49
\beforetitleunit=\skip55
\aftertitleunit=\skip56
\ttl@plus=\dimen160
\ttl@minus=\dimen161
\ttl@toksa=\toks28
\titlewidth=\dimen162
\titlewidthlast=\dimen163
\titlewidthfirst=\dimen164
) (/usr/share/texlive/texmf-dist/tex/latex/listings/listings.sty
\lst@mode=\count199
\lst@gtempboxa=\box50
\lst@token=\toks29
\lst@length=\count266
\lst@currlwidth=\dimen165
\lst@column=\count267
\lst@pos=\count268
\lst@lostspace=\dimen166
\lst@width=\dimen167
\lst@newlines=\count269
\lst@lineno=\count270
\lst@maxwidth=\dimen168
 (/usr/share/texlive/texmf-dist/tex/latex/listings/lstmisc.sty
File: lstmisc.sty 2019/09/10 1.8c (Carsten Heinz)
\c@lstnumber=\count271
\lst@skipnumbers=\count272
\lst@framebox=\box51
) (/usr/share/texlive/texmf-dist/tex/latex/listings/listings.cfg
File: listings.cfg 2019/09/10 1.8c listings configuration
))
Package: listings 2019/09/10 1.8c (Carsten Heinz)
 (/usr/share/texlive/texmf-dist/tex/latex/tools/verbatim.sty
Package: verbatim 2019/11/10 v1.5r LaTeX2e package for verbatim enhancements
\every@verbatim=\toks30
\verbatim@line=\toks31
\verbatim@in@stream=\read3
) (/usr/share/texlive/texmf-dist/tex/latex/hyperref/hyperref.sty
Package: hyperref 2020/01/14 v7.00d Hypertext links for LaTeX
 (/usr/share/texlive/texmf-dist/tex/latex/pdftexcmds/pdftexcmds.sty
Package: pdftexcmds 2019/11/24 v0.31 Utility functions of pdfTeX for LuaTeX (HO)
Package pdftexcmds Info: \pdf@primitive is available.
Package pdftexcmds Info: \pdf@ifprimitive is available.
Package pdftexcmds Info: \pdfdraftmode found.
) (/usr/share/texlive/texmf-dist/tex/generic/kvsetkeys/kvsetkeys.sty
Package: kvsetkeys 2019/12/15 v1.18 Key value parser (HO)
) (/usr/share/texlive/texmf-dist/tex/generic/kvdefinekeys/kvdefinekeys.sty
Package: kvdefinekeys 2019-12-19 v1.6 Define keys (HO)
) (/usr/share/texlive/texmf-dist/tex/generic/pdfescape/pdfescape.sty
Package: pdfescape 2019/12/09 v1.15 Implements pdfTeX's escape features (HO)
) (/usr/share/texlive/texmf-dist/tex/latex/hycolor/hycolor.sty
Package: hycolor 2020-01-27 v1.10 Color options for hyperref/bookmark (HO)
) (/usr/share/texlive/texmf-dist/tex/latex/letltxmacro/letltxmacro.sty
Package: letltxmacro 2019/12/03 v1.6 Let assignment for LaTeX macros (HO)
) (/usr/share/texlive/texmf-dist/tex/latex/kvoptions/kvoptions.sty
Package: kvoptions 2019/11/29 v3.13 Key value format for package options (HO)
)
\@linkdim=\dimen169
\Hy@linkcounter=\count273
\Hy@pagecounter=\count274
 (/usr/share/texlive/texmf-dist/tex/latex/hyperref/pd1enc.def
File: pd1enc.def 2020/01/14 v7.00d Hyperref: PDFDocEncoding definition (HO)
) (/usr/share/texlive/texmf-dist/tex/generic/intcalc/intcalc.sty
Package: intcalc 2019/12/15 v1.3 Expandable calculations with integers (HO)
) (/usr/share/texlive/texmf-dist/tex/generic/etexcmds/etexcmds.sty
Package: etexcmds 2019/12/15 v1.7 Avoid name clashes with e-TeX commands (HO)
)
\Hy@SavedSpaceFactor=\count275
\pdfmajorversion=\count276
Package hyperref Info: Option `unicode' set `true' on input line 3502.
 (/usr/share/texlive/texmf-dist/tex/latex/hyperref/puenc.def
File: puenc.def 2020/01/14 v7.00d Hyperref: PDF Unicode definition (HO)
)
Package hyperref Info: Option `unicode' set `true' on input line 4421.
Package hyperref Info: Hyper figures OFF on input line 4547.
Package hyperref Info: Link nesting OFF on input line 4552.
Package hyperref Info: Hyper index ON on input line 4555.
Package hyperref Info: Plain pages OFF on input line 4562.
Package hyperref Info: Backreferencing OFF on input line 4567.
Package hyperref Info: Implicit mode ON; LaTeX internals redefined.
Package hyperref Info: Bookmarks ON on input line 4800.
\c@Hy@tempcnt=\count277
 (/usr/share/texlive/texmf-dist/tex/latex/url/url.sty
\Urlmuskip=\muskip17
Package: url 2013/09/16  ver 3.4  Verb mode for urls, etc.
)
LaTeX Info: Redefining \url on input line 5159.
\XeTeXLinkMargin=\dimen170
 (/usr/share/texlive/texmf-dist/tex/generic/bitset/bitset.sty
Package: bitset 2019/12/09 v1.3 Handle bit-vector datatype (HO)
 (/usr/share/texlive/texmf-dist/tex/generic/bigintcalc/bigintcalc.sty
Package: bigintcalc 2019/12/15 v1.5 Expandable calculations on big integers (HO)
))
\Fld@menulength=\count278
\Field@Width=\dimen171
\Fld@charsize=\dimen172
Package hyperref Info: Hyper figures OFF on input line 6430.
Package hyperref Info: Link nesting OFF on input line 6435.
Package hyperref Info: Hyper index ON on input line 6438.
Package hyperref Info: backreferencing OFF on input line 6445.
Package hyperref Info: Link coloring OFF on input line 6450.
Package hyperref Info: Link coloring with OCG OFF on input line 6455.
Package hyperref Info: PDF/A mode OFF on input line 6460.
LaTeX Info: Redefining \ref on input line 6500.
LaTeX Info: Redefining \pageref on input line 6504.
\Hy@abspage=\count279
\c@Item=\count280
\c@Hfootnote=\count281
)
Package hyperref Info: Driver: hpdftex.
 (/usr/share/texlive/texmf-dist/tex/latex/hyperref/hpdftex.def
File: hpdftex.def 2020/01/14 v7.00d Hyperref driver for pdfTeX
 (/usr/share/texlive/texmf-dist/tex/latex/atveryend/atveryend.sty
Package: atveryend 2019-12-11 v1.11 Hooks at the very end of document (HO)
Package atveryend Info: \enddocument detected (standard20110627).
)
\Fld@listcount=\count282
\c@bookmark@seq@number=\count283
 (/usr/share/texlive/texmf-dist/tex/latex/rerunfilecheck/rerunfilecheck.sty
Package: rerunfilecheck 2019/12/05 v1.9 Rerun checks for auxiliary files (HO)
 (/usr/share/texlive/texmf-dist/tex/generic/uniquecounter/uniquecounter.sty
Package: uniquecounter 2019/12/15 v1.4 Provide unlimited unique counter (HO)
)
Package uniquecounter Info: New unique counter `rerunfilecheck' on input line 286.
)
\Hy@SectionHShift=\skip57
)
Package hyperref Info: Option `colorlinks' set `true' on input line 28.
LaTeX Font Info:    Trying to load font information for T1+txtt on input line 136.
 (/usr/share/texlive/texmf-dist/tex/latex/txfonts/t1txtt.fd
File: t1txtt.fd 2000/12/15 v3.1
) (/usr/share/texlive/texmf-dist/tex/latex/l3backend/l3backend-pdfmode.def
File: l3backend-pdfmode.def 2020-02-03 L3 backend support: PDF mode
\l__kernel_color_stack_int=\count284
\l__pdf_internal_box=\box52
) (/home/sees/CommLineProg/study/diplom/mag/new.aux
LaTeX Font Info:    Trying to load font information for T2A+cmr on input line 22.
 (/usr/share/texlive/texmf-dist/tex/latex/cyrillic/t2acmr.fd
File: t2acmr.fd 2001/08/11 v1.0a Computer Modern Cyrillic font definitions
)

LaTeX Warning: Label `fig:manip_photo' multiply defined.


LaTeX Warning: Label `fig:manip_photo' multiply defined.


LaTeX Warning: Label `DescriptiveLabel' multiply defined.


LaTeX Warning: Label `DescriptiveLabel' multiply defined.


LaTeX Warning: Label `DescriptiveLabel' multiply defined.


LaTeX Warning: Label `fig:manip_photo' multiply defined.


LaTeX Warning: Label `fig:manip_photo' multiply defined.


LaTeX Warning: Label `DescriptiveLabel' multiply defined.


LaTeX Warning: Label `fig:manip_photo' multiply defined.


LaTeX Warning: Label `fig:manip_photo' multiply defined.


LaTeX Warning: Label `fig:manip_photo' multiply defined.


LaTeX Warning: Label `fig:manip_photo' multiply defined.


LaTeX Warning: Label `fig:manip_photo' multiply defined.


LaTeX Warning: Label `fig:manip_photo' multiply defined.


LaTeX Warning: Label `fig:manip_photo' multiply defined.


LaTeX Warning: Label `fig:manip_photo' multiply defined.


LaTeX Warning: Label `fig:manip_photo' multiply defined.


LaTeX Warning: Label `DescriptiveLabel' multiply defined.


LaTeX Warning: Label `DescriptiveLabel' multiply defined.


LaTeX Warning: Label `DescriptiveLabel' multiply defined.


LaTeX Warning: Label `DescriptiveLabel' multiply defined.


LaTeX Warning: Label `DescriptiveLabel' multiply defined.


LaTeX Warning: Label `DescriptiveLabel' multiply defined.


LaTeX Warning: Label `DescriptiveLabel' multiply defined.


LaTeX Warning: Label `DescriptiveLabel' multiply defined.


LaTeX Warning: Label `DescriptiveLabel' multiply defined.


LaTeX Warning: Label `DescriptiveLabel' multiply defined.


LaTeX Warning: Label `DescriptiveLabel' multiply defined.


LaTeX Warning: Label `DescriptiveLabel' multiply defined.


LaTeX Warning: Label `DescriptiveLabel' multiply defined.


LaTeX Warning: Label `DescriptiveLabel' multiply defined.


LaTeX Warning: Label `DescriptiveLabel' multiply defined.


LaTeX Warning: Label `DescriptiveLabel' multiply defined.


LaTeX Warning: Label `DescriptiveLabel' multiply defined.


LaTeX Warning: Label `DescriptiveLabel' multiply defined.


LaTeX Warning: Label `DescriptiveLabel' multiply defined.


LaTeX Warning: Label `DescriptiveLabel' multiply defined.


LaTeX Warning: Label `DescriptiveLabel' multiply defined.


LaTeX Warning: Label `DescriptiveLabel' multiply defined.


LaTeX Warning: Label `DescriptiveLabel' multiply defined.


LaTeX Warning: Label `DescriptiveLabel' multiply defined.


LaTeX Warning: Label `DescriptiveLabel' multiply defined.


LaTeX Warning: Label `DescriptiveLabel' multiply defined.


LaTeX Warning: Label `DescriptiveLabel' multiply defined.


LaTeX Warning: Label `DescriptiveLabel' multiply defined.


LaTeX Warning: Label `DescriptiveLabel' multiply defined.


LaTeX Warning: Label `DescriptiveLabel' multiply defined.


LaTeX Warning: Label `DescriptiveLabel' multiply defined.


LaTeX Warning: Label `DescriptiveLabel' multiply defined.


LaTeX Warning: Label `DescriptiveLabel' multiply defined.


LaTeX Warning: Label `fig:manip_photo' multiply defined.


LaTeX Warning: Label `DescriptiveLabel' multiply defined.


LaTeX Warning: Label `DescriptiveLabel' multiply defined.


LaTeX Warning: Label `fig:manip_photo' multiply defined.

)
\openout1 = `new.aux'.

LaTeX Font Info:    Checking defaults for OML/cmm/m/it on input line 153.
LaTeX Font Info:    ... okay on input line 153.
LaTeX Font Info:    Checking defaults for OMS/cmsy/m/n on input line 153.
LaTeX Font Info:    ... okay on input line 153.
LaTeX Font Info:    Checking defaults for OT1/cmr/m/n on input line 153.
LaTeX Font Info:    ... okay on input line 153.
LaTeX Font Info:    Checking defaults for T1/cmr/m/n on input line 153.
LaTeX Font Info:    ... okay on input line 153.
LaTeX Font Info:    Checking defaults for TS1/cmr/m/n on input line 153.
LaTeX Font Info:    ... okay on input line 153.
LaTeX Font Info:    Checking defaults for OMX/cmex/m/n on input line 153.
LaTeX Font Info:    ... okay on input line 153.
LaTeX Font Info:    Checking defaults for U/cmr/m/n on input line 153.
LaTeX Font Info:    ... okay on input line 153.
LaTeX Font Info:    Checking defaults for T2A/cmr/m/n on input line 153.
LaTeX Font Info:    ... okay on input line 153.
LaTeX Font Info:    Checking defaults for PD1/pdf/m/n on input line 153.
LaTeX Font Info:    ... okay on input line 153.
LaTeX Font Info:    Checking defaults for PU/pdf/m/n on input line 153.
LaTeX Font Info:    ... okay on input line 153.
 (/usr/share/texlive/texmf-dist/tex/latex/ucs/ucsencs.def
File: ucsencs.def 2011/01/21 Fixes to fontencodings LGR, T3
) (/usr/share/texlive/texmf-dist/tex/context/base/mkii/supp-pdf.mkii
[Loading MPS to PDF converter (version 2006.09.02).]
\scratchcounter=\count285
\scratchdimen=\dimen173
\scratchbox=\box53
\nofMPsegments=\count286
\nofMParguments=\count287
\everyMPshowfont=\toks32
\MPscratchCnt=\count288
\MPscratchDim=\dimen174
\MPnumerator=\count289
\makeMPintoPDFobject=\count290
\everyMPtoPDFconversion=\toks33
) (/usr/share/texlive/texmf-dist/tex/latex/epstopdf-pkg/epstopdf-base.sty
Package: epstopdf-base 2020-01-24 v2.11 Base part for package epstopdf
Package epstopdf-base Info: Redefining graphics rule for `.eps' on input line 485.
 (/usr/share/texlive/texmf-dist/tex/latex/latexconfig/epstopdf-sys.cfg
File: epstopdf-sys.cfg 2010/07/13 v1.3 Configuration of (r)epstopdf for TeX Live
))
\AtBeginShipoutBox=\box54
 (/usr/share/texlive/texmf-dist/tex/latex/pdflscape/pdflscape.sty
Package: pdflscape 2019/12/05 v0.12 Display of landscape pages in PDF (HO)
 (/usr/share/texlive/texmf-dist/tex/latex/graphics/lscape.sty
Package: lscape 2000/10/22 v3.01 Landscape Pages (DPC)
)
Package pdflscape Info: Auto-detected driver: pdftex on input line 81.
)
*geometry* driver: auto-detecting
*geometry* detected driver: pdftex
*geometry* verbose mode - [ preamble ] result:
* driver: pdftex
* paper: a4paper
* layout: <same size as paper>
* layoutoffset:(h,v)=(0.0pt,0.0pt)
* modes: 
* h-part:(L,W,R)=(71.13188pt, 497.92325pt, 28.45274pt)
* v-part:(T,H,B)=(56.9055pt, 731.23584pt, 56.9055pt)
* \paperwidth=597.50787pt
* \paperheight=845.04684pt
* \textwidth=497.92325pt
* \textheight=731.23584pt
* \oddsidemargin=-1.1381pt
* \evensidemargin=-1.1381pt
* \topmargin=-54.36449pt
* \headheight=14.0pt
* \headsep=25.0pt
* \topskip=14.0pt
* \footskip=30.0pt
* \marginparwidth=15.0pt
* \marginparsep=10.0pt
* \columnsep=10.0pt
* \skip\footins=12.0pt plus 4.0pt minus 2.0pt
* \hoffset=0.0pt
* \voffset=0.0pt
* \mag=1000
* \@twocolumnfalse
* \@twosidefalse
* \@mparswitchfalse
* \@reversemarginfalse
* (1in=72.27pt=25.4mm, 1cm=28.453pt)

\c@lstlisting=\count291
Package hyperref Info: Link coloring ON on input line 153.
(/usr/share/texlive/texmf-dist/tex/latex/hyperref/nameref.sty
Package: nameref 2019/09/16 v2.46 Cross-referencing by name of section
 (/usr/share/texlive/texmf-dist/tex/latex/refcount/refcount.sty
Package: refcount 2019/12/15 v3.6 Data extraction from label references (HO)
) (/usr/share/texlive/texmf-dist/tex/generic/gettitlestring/gettitlestring.sty
Package: gettitlestring 2019/12/15 v1.6 Cleanup title references (HO)
)
\c@section@level=\count292
)
LaTeX Info: Redefining \ref on input line 153.
LaTeX Info: Redefining \pageref on input line 153.
LaTeX Info: Redefining \nameref on input line 153.
 (/home/sees/CommLineProg/study/diplom/mag/new.out) (/home/sees/CommLineProg/study/diplom/mag/new.out)
\@outlinefile=\write3
\openout3 = `new.out'.

 (/usr/share/texlive/texmf-dist/tex/latex/ucs/data/uni-4.def
File: uni-4.def 2013/05/13 UCS: Unicode data U+0400..U+04FF
)
Overfull \hbox (3.87262pt too wide) in paragraph at lines 166--167
[]\T2A/cmr/m/n/14.4 Технологии дис-три-бу-ции со-об-ще-ний, в част-но-сти FastDDS Discovery Server. 
 []


Overfull \hbox (9.45506pt too wide) in paragraph at lines 168--169
[]\T2A/cmr/m/n/14.4 Реализация гра-фи-че-ско-го ин-тер-фей-са с ис-поль-зо-ва-ни-ем про-грамм-ной плат-
 []

[1

{/var/lib/texmf/fonts/map/pdftex/updmap/pdftex.map}] (/home/sees/CommLineProg/study/diplom/mag/new.toc [2

])
\tf@toc=\write4
\openout4 = `new.toc'.

 [3] [4

]
Overfull \hbox (4.23244pt too wide) in paragraph at lines 201--203
[]\T2A/cmr/m/n/14.4 Загруженность CPU/GPU на бор-то-вом ком-пью-те-ре ро-бо-та. Необ-хо-ди-мость
 []


Overfull \hbox (7.35477pt too wide) in paragraph at lines 219--221
\T2A/cmr/m/n/14.4 зу-ю-щих-ся при раз-ра-бо-ке се-те-вых сер-ви-сов, гра-фи-че-ских ин-тер-фей-сов поль-
 []

[5]
Overfull \hbox (4.88797pt too wide) in paragraph at lines 226--228
[]\T2A/cmr/m/n/14.4 Анализ ре-зуль-та-тов. Про-ана-ли-зи-ро-вать ре-зуль-та-ты те-сти-ро-ва-ния, вы-явить
 []

[6] [7] [8]
Overfull \hbox (31.51965pt too wide) in paragraph at lines 347--348
\T2A/cmr/m/n/14.4 Transmission. - IEEE Transactions on Intelligent Transportation Systems:November
 []


Overfull \hbox (19.59268pt too wide) in paragraph at lines 348--349
[]\T2A/cmr/m/n/14.4 Pengfei Zhang, Huaimin Wang, Bo Ding, Suning Shang. - Cloud-Based Framework
 []


Overfull \hbox (3.87411pt too wide) in paragraph at lines 348--349
\T2A/cmr/m/n/14.4 for Scalable and Real-Time Multi-Robot Slam. - IEEE International Conference
 []

[9]
Overfull \hbox (10.00624pt too wide) in paragraph at lines 349--350
\T2A/cmr/m/n/14.4 based Parallel Implementation of SLAM for Mobile Robots. - ICC16:Proceedings
 []


Overfull \hbox (3.93466pt too wide) in paragraph at lines 363--364
[]\T2A/cmr/m/n/14.4 Сложность: ре-ше-ния из об-ла-сти об-лач-ной ро-бо-то-тех-ни-ки мо-гут быть слож-
 []

[10] [11]
{\cyrillictext \CYRG \cyrl \cyra \cyrv \cyra } 1.
(/usr/share/texlive/texmf-dist/tex/latex/ucs/data/uni-32.def
File: uni-32.def 2013/05/13 UCS: Unicode data U+2000..U+20FF
) [12

] [13]
Overfull \hbox (7.31187pt too wide) in paragraph at lines 411--412
\T2A/cmr/m/n/14.4 Эта ар-хи-тек-ту-ра обес-пе-чи-ва-ет гиб-кость и мо-дуль-ность, поз-во-ляя со-зда-вать слож-
 []

<./figure/ros2_overview_schema.png, id=318, 951.555pt x 468.75125pt>
File: ./figure/ros2_overview_schema.png Graphic file (type png)
<use ./figure/ros2_overview_schema.png>
Package pdftex.def Info: ./figure/ros2_overview_schema.png  used on input line 423.
(pdftex.def)             Requested size: 475.77634pt x 234.37505pt.
[14 <./figure/ros2_overview_schema.png>]
Overfull \hbox (3.90234pt too wide) in paragraph at lines 453--456
\T2A/cmr/m/n/14.4 Команды при-ве-ден-ные вы-ше, яв-ля-ют-ся ос-нов-ной ча-стью Command Line Interface
 []

[15]
<./figure/folder_schema.png, id=339, 298.11375pt x 547.04375pt>
File: ./figure/folder_schema.png Graphic file (type png)
<use ./figure/folder_schema.png>
Package pdftex.def Info: ./figure/folder_schema.png  used on input line 484.
(pdftex.def)             Requested size: 149.0565pt x 273.5212pt.
<./figure/env_folder_schema.png, id=344, 258.9675pt x 374.39874pt>
File: ./figure/env_folder_schema.png Graphic file (type png)
<use ./figure/env_folder_schema.png>
Package pdftex.def Info: ./figure/env_folder_schema.png  used on input line 501.
(pdftex.def)             Requested size: 129.48341pt x 187.19891pt.
 [16] [17 <./figure/folder_schema.png>]
LaTeX Font Info:    Trying to load font information for T2A+cmtt on input line 523.
 (/usr/share/texlive/texmf-dist/tex/latex/cyrillic/t2acmtt.fd
File: t2acmtt.fd 2001/08/11 v1.0a Computer Modern Cyrillic font definitions
) (/home/sees/CommLineProg/study/diplom/mag/code/CMakeLists.txt [18 <./figure/env_folder_schema.png>])
Overfull \hbox (73.44728pt too wide) in paragraph at lines 524--535
\T2A/cmr/m/n/14.4 лин-ков-ки биб-лио-тек из дру-гих па-ке-тов, на-при-мер, функ-ция ament_target_dependencies(...),
 []

[19] (/home/sees/CommLineProg/study/diplom/mag/code/package.xml)
Overfull \hbox (67.10966pt too wide) in paragraph at lines 545--557
\T2A/cmr/m/n/14.4 го се-мей-ства, сре-ди ко-то-рых <depend>...</depend>, <build_depend>...</build_depend>,
 []


Overfull \hbox (4.84221pt too wide) in paragraph at lines 545--557
\T2A/cmr/m/n/14.4 <test_depend>...</test_depend> и <exec_depend>...</exec_depend>. Пар-ный
 []

[20] (/usr/share/texlive/texmf-dist/tex/latex/listings/lstlang1.sty
File: lstlang1.sty 2019/09/10 1.8c listings language file
) (/usr/share/texlive/texmf-dist/tex/latex/listings/lstmisc.sty
File: lstmisc.sty 2019/09/10 1.8c (Carsten Heinz)
) (/home/sees/CommLineProg/study/diplom/mag/code/general.launch.py [21]) [22] [23] [24] [25] (/home/sees/CommLineProg/study/diplom/mag/code/Dockerfile.simple) [26] [27]
Overfull \hbox (5.0894pt too wide) in paragraph at lines 727--729
[]\T2A/cmr/m/n/14.4 Ограниченная под-держ-ка со-об-ще-ства. Срав-ни-тель-но низ-кая по-пу-ляр-ность,
 []

[28]
Overfull \hbox (6.39351pt too wide) in paragraph at lines 734--741
\T2A/cmr/m/n/14.4 мый ав-то-ном-ны-ми мо-биль-ны-ми системами[[]], поз-во-ля-ю-щий од-но-вре-мен-но стро-
 []


Overfull \hbox (2.3477pt too wide) detected at line 746
\OML/cmm/m/it/14.4 P\OT1/cmr/m/n/14.4 (\OML/cmm/m/it/14.4 x[]; m\OMS/cmsy/m/n/14.4 j\OML/cmm/m/it/14.4 Z[]; U[]\OT1/cmr/m/n/14.4 ) = \OML/cmm/m/it/14.4 ^^QP\OT1/cmr/m/n/14.4 (\OML/cmm/m/it/14.4 z[]\OMS/cmsy/m/n/14.4 j\OML/cmm/m/it/14.4 x[]; m\OT1/cmr/m/n/14.4 ) [] \OML/cmm/m/it/14.4 P\OT1/cmr/m/n/14.4 (\OML/cmm/m/it/14.4 x[]\OMS/cmsy/m/n/14.4 j\OML/cmm/m/it/14.4 x[]; u[]\OT1/cmr/m/n/14.4 )\OML/cmm/m/it/14.4 P\OT1/cmr/m/n/14.4 (\OML/cmm/m/it/14.4 x[]; m\OMS/cmsy/m/n/14.4 j\OML/cmm/m/it/14.4 Z[]; U[]\OT1/cmr/m/n/14.4 )\OML/cmm/m/it/14.4 dx[]
 []

[29]
<./figure/bayes_filter_process.png, id=646, 1137.24875pt x 976.64874pt>
File: ./figure/bayes_filter_process.png Graphic file (type png)
<use ./figure/bayes_filter_process.png>
Package pdftex.def Info: ./figure/bayes_filter_process.png  used on input line 766.
(pdftex.def)             Requested size: 341.17726pt x 292.99689pt.
 [30 <./figure/bayes_filter_process.png>] [31] [32] [33] [34]
Overfull \hbox (11.96585pt too wide) in paragraph at lines 910--915
\T2A/cmr/m/n/14.4 Компоненте amcl для кор-рект-ной ра-бо-ты, нуж-на дру-гая ком-по-нен-та - map_server,
 []

[35] [36]
Overfull \hbox (17.43822pt too wide) in paragraph at lines 954--957
[]\T2A/cmr/m/n/14.4 Adaptive Communication Environment (ACE)[[]] - объектно-ориентированный
 []

[37] [38] [39]
{\cyrillictext \CYRG \cyrl \cyra \cyrv \cyra } 2.

Overfull \hbox (6.04149pt too wide) in paragraph at lines 1007--1011
\T2A/cmr/m/n/14.4 меж-ду мик-ро-сер-ви-са-ми и супер-клиентом, име-ю-щим воз-мож-ность на-строй-
 []

[40

] [41]
<./figure/base_architure.png, id=751, 1374.13374pt x 590.205pt>
File: ./figure/base_architure.png Graphic file (type png)
<use ./figure/base_architure.png>
Package pdftex.def Info: ./figure/base_architure.png  used on input line 1033.
(pdftex.def)             Requested size: 480.95403pt x 206.57484pt.
 (/usr/share/texlive/texmf-dist/tex/latex/listings/lstlang1.sty
File: lstlang1.sty 2019/09/10 1.8c listings language file
) (/usr/share/texlive/texmf-dist/tex/latex/listings/lstlang1.sty
File: lstlang1.sty 2019/09/10 1.8c listings language file
) (/usr/share/texlive/texmf-dist/tex/latex/listings/lstmisc.sty
File: lstmisc.sty 2019/09/10 1.8c (Carsten Heinz)
) [42 <./figure/base_architure.png>]
LaTeX Font Info:    Font shape `T2A/cmtt/bx/n' in size <10> not available
(Font)              Font shape `T2A/cmtt/m/n' tried instead on input line 1061.
 [43]
<./figure/base_networking.png, id=773, 640.3925pt x 634.37pt>
File: ./figure/base_networking.png Graphic file (type png)
<use ./figure/base_networking.png>
Package pdftex.def Info: ./figure/base_networking.png  used on input line 1084.
(pdftex.def)             Requested size: 320.19547pt x 317.18422pt.
 [44 <./figure/base_networking.png>]
<./figure/docker_connect.png, id=782, 693.59125pt x 298.11375pt>
File: ./figure/docker_connect.png Graphic file (type png)
<use ./figure/docker_connect.png>
Package pdftex.def Info: ./figure/docker_connect.png  used on input line 1114.
(pdftex.def)             Requested size: 416.15796pt x 178.86963pt.
 [45 <./figure/docker_connect.png>] [46]
<./figure/layout_examp.png, id=796, 244.915pt x 207.77625pt>
File: ./figure/layout_examp.png Graphic file (type png)
<use ./figure/layout_examp.png>
Package pdftex.def Info: ./figure/layout_examp.png  used on input line 1173.
(pdftex.def)             Requested size: 146.95012pt x 124.6667pt.
 [47]
<./figure/menu_examp.jpg, id=802, 185.19188pt x 132.495pt>
File: ./figure/menu_examp.jpg Graphic file (type jpg)
<use ./figure/menu_examp.jpg>
Package pdftex.def Info: ./figure/menu_examp.jpg  used on input line 1189.
(pdftex.def)             Requested size: 111.11597pt x 79.49759pt.
<./figure/dialog_examp.png, id=803, 277.035pt x 161.60374pt>
File: ./figure/dialog_examp.png Graphic file (type png)
<use ./figure/dialog_examp.png>
Package pdftex.def Info: ./figure/dialog_examp.png  used on input line 1198.
(pdftex.def)             Requested size: 166.22227pt x 96.96298pt.
<./figure/app_examp.png, id=804, 673.51625pt x 759.83875pt>
File: ./figure/app_examp.png Graphic file (type png)
<use ./figure/app_examp.png>
Package pdftex.def Info: ./figure/app_examp.png  used on input line 1214.
(pdftex.def)             Requested size: 269.40172pt x 303.93011pt.
 [48 <./figure/layout_examp.png> <./figure/menu_examp.jpg>]
<./figure/docker_folder_schema.png, id=812, 490.83376pt x 440.64626pt>
File: ./figure/docker_folder_schema.png Graphic file (type png)
<use ./figure/docker_folder_schema.png>
Package pdftex.def Info: ./figure/docker_folder_schema.png  used on input line 1232.
(pdftex.def)             Requested size: 294.50252pt x 264.38979pt.
 [49 <./figure/dialog_examp.png>]
<./figure/client-serv-UML.png, id=820, 1410.26875pt x 1024.82875pt>
File: ./figure/client-serv-UML.png Graphic file (type png)
<use ./figure/client-serv-UML.png>
Package pdftex.def Info: ./figure/client-serv-UML.png  used on input line 1246.
(pdftex.def)             Requested size: 465.39014pt x 338.19453pt.

Overfull \hbox (34.98917pt too wide) in paragraph at lines 1251--1258
\T2A/cmr/m/n/14.4 дес-се-ри-а-ли-зо-ван-ных за-про-сов от супер-клиента к сер-ве-ру. Здесь класс RequestHandler
 []

[50 <./figure/app_examp.png>] [51 <./figure/docker_folder_schema.png>]
<./figure/client-serv-comm.png, id=834, 1845.89626pt x 1368.11125pt>
File: ./figure/client-serv-comm.png Graphic file (type png)
<use ./figure/client-serv-comm.png>
Package pdftex.def Info: ./figure/client-serv-comm.png  used on input line 1261.
(pdftex.def)             Requested size: 489.16019pt x 362.54776pt.
 [52 <./figure/client-serv-UML.png>]
<./figure/gui_uml.png, id=841, 1645.14626pt x 1784.6675pt>
File: ./figure/gui_uml.png Graphic file (type png)
<use ./figure/gui_uml.png>
Package pdftex.def Info: ./figure/gui_uml.png  used on input line 1285.
(pdftex.def)             Requested size: 435.96169pt x 472.93465pt.
 [53 <./figure/client-serv-comm.png>] [54] [55

]
Overfull \vbox (14.0pt too high) has occurred while \output is active []


{\cyrillictext \CYRG \cyrl \cyra \cyrv \cyra } 3.
[56

]
Overfull \hbox (45.09918pt too wide) in paragraph at lines 1354--1366
[]\T2A/cmr/m/n/14.4 Из за-го-ло-воч-но-го фай-ла вид-но, что класс ис-поль-зу-ет std::unique_ptr<RobotServer>
 []


Overfull \hbox (9.7399pt too wide) in paragraph at lines 1354--1366
\T2A/cmr/m/n/14.4 Кон-струк-тор клас-са при-ни-ма-ет ссыл-ки на объ-ек-ты клас-сов boost::asio::io_context
 []

[57]
Overfull \hbox (56.12828pt too wide) in paragraph at lines 1412--1423
\T2A/cmr/m/n/14.4 мы пе-ре-да-ем объ-ек-ту resolver_, яв-ля-ю-щим-ся объ-ек-том клас-са boost::asio::ip::tcp::resolver,
 []

[58] [59]
Overfull \hbox (14.55435pt too wide) in paragraph at lines 1498--1512
[]\T2A/cmr/m/n/14.4 В кон-струк-то-ре, аб-страк-ция сер-ве-ра, ре-а-ли-зо-ван-но-го в ви-де клас-са RobotSever,
 []

[60] [61] [62] [63] [64]
Overfull \hbox (37.0492pt too wide) in paragraph at lines 1769--1771
\T2A/cmr/m/n/14.4 ную за-да-чу свя-зи ко-то-рая со-зда-ет-ся с по-мо-щью С++ функ-ций boost::asio::async_write
 []

[65] [66] [67] [68]
Overfull \hbox (29.60054pt too wide) in paragraph at lines 1942--1958
\T2A/cmr/m/n/14.4 мож-но-сти, учет-ные дан-ные сер-ве-ра и хра-ни-ли-ще. В кон-струк-то-ре са-мо-го ClientCodec
 []

[69] [70] [71] [72] [73] [74] [75] [76] [77] [78]
Overfull \hbox (7.11449pt too wide) in paragraph at lines 2411--2420
\T2A/cmr/m/n/14.4 decodeHeader(...) и decodeData(...), т.к. без дес-се-ри-а-ли-за-ции "го-ло-вы"невозможно
 []


Overfull \hbox (82.1461pt too wide) in paragraph at lines 2420--2422
[]\T2A/cmr/m/n/14.4 Процесс се-ри-а-ли-за-ци-и/-дес-се-ри-а-ли-за-ции стро-го за-дан в ме-то-дах клас-сов Encoder/Decoder,
 []


Overfull \hbox (13.02747pt too wide) in paragraph at lines 2426--2429
\T2A/cmr/m/n/14.4 Обработкой от-ве-тов и фор-ми-ро-ва-ни-ем за-про-сов, за-ни-ма-ет-ся сам класс RoboClient,
 []

[79] [80] [81] [82] [83] [84] [85] [86] [87] [88] [89] [90] [91] [92] [93]
<./figure/gui-stack-wgt.png, id=2459, 1114.1625pt x 533.995pt>
File: ./figure/gui-stack-wgt.png Graphic file (type png)
<use ./figure/gui-stack-wgt.png>
Package pdftex.def Info: ./figure/gui-stack-wgt.png  used on input line 3546.
(pdftex.def)             Requested size: 445.6571pt x 213.59421pt.

Overfull \hbox (12.86264pt too wide) in paragraph at lines 3535--3551
[]\T2A/cmr/m/n/14.4 Здесь идет со-зда-ние объ-ект glue_container_name_wgt_, ко-то-рый бу-дет управ-
 []


Overfull \hbox (73.56854pt too wide) in paragraph at lines 3535--3551
\T2A/cmr/m/n/14.4 се-бе со-бран-ные об-ра-за мик-ро-сер-ви-сов, ко-то-рые мож-но за-пу-стить, container_run_table_wgt,
 []

[94 <./figure/gui-stack-wgt.png>]
<./figure/prep_context_menu.png, id=2473, 453.695pt x 161.60374pt>
File: ./figure/prep_context_menu.png Graphic file (type png)
<use ./figure/prep_context_menu.png>
Package pdftex.def Info: ./figure/prep_context_menu.png  used on input line 3566.
(pdftex.def)             Requested size: 226.84694pt x 80.80167pt.
<./figure/build_context_menu.png, id=2474, 457.71pt x 159.59625pt>
File: ./figure/build_context_menu.png Graphic file (type png)
<use ./figure/build_context_menu.png>
Package pdftex.def Info: ./figure/build_context_menu.png  used on input line 3570.
(pdftex.def)             Requested size: 228.85445pt x 79.79791pt.
<./figure/run_context_menu.png, id=2475, 457.71pt x 274.02374pt>
File: ./figure/run_context_menu.png Graphic file (type png)
<use ./figure/run_context_menu.png>
Package pdftex.def Info: ./figure/run_context_menu.png  used on input line 3574.
(pdftex.def)             Requested size: 228.85445pt x 137.01154pt.
 [95 <./figure/prep_context_menu.png> <./figure/build_context_menu.png> <./figure/run_context_menu.png>]
<./figure/cred_dialog.png, id=2492, 196.735pt x 217.81375pt>
File: ./figure/cred_dialog.png Graphic file (type png)
<use ./figure/cred_dialog.png>
Package pdftex.def Info: ./figure/cred_dialog.png  used on input line 3616.
(pdftex.def)             Requested size: 78.6926pt x 87.12395pt.
 [96 <./figure/cred_dialog.png>] [97]
{\cyrillictext \CYRG \cyrl \cyra \cyrv \cyra } 4.

Overfull \hbox (12.87437pt too wide) in paragraph at lines 3638--3639
[]\T2A/cmr/m/n/14.4 Возможность пе-рес-сыл-ки со-об-ще-ний по се-ти, ис-поль-зуя тех-но-ло-гии TCP/IP. 
 []


Overfull \hbox (15.35435pt too wide) in paragraph at lines 3644--3646
[]\T2A/cmr/m/n/14.4 Поддержка воз-мож-но-сти управ-ле-ния несколь-ки-ми сер-ве-ра-ми с од-но-го супер-
 []


Overfull \hbox (9.66492pt too wide) in paragraph at lines 3650--3652
[]\T2A/cmr/m/n/14.4 Возможность из-ме-не-ния функ-ци-о-наль-но-сти мик-ро-сер-ви-са с по-мо-щью ROS2
 []

[98

] [99]
<./figure/net_latt.png, id=2539, 1387.584pt x 724.8681pt>
File: ./figure/net_latt.png Graphic file (type png)
<use ./figure/net_latt.png>
Package pdftex.def Info: ./figure/net_latt.png  used on input line 3711.
(pdftex.def)             Requested size: 444.03595pt x 231.96252pt.
<./figure/net_lat_hist.png, id=2540, 1387.584pt x 724.8681pt>
File: ./figure/net_lat_hist.png Graphic file (type png)
<use ./figure/net_lat_hist.png>
Package pdftex.def Info: ./figure/net_lat_hist.png  used on input line 3715.
(pdftex.def)             Requested size: 444.03595pt x 231.96252pt.
<./figure/cpu_load.png, id=2541, 1387.584pt x 724.8681pt>
File: ./figure/cpu_load.png Graphic file (type png)
<use ./figure/cpu_load.png>
Package pdftex.def Info: ./figure/cpu_load.png  used on input line 3727.
(pdftex.def)             Requested size: 416.27841pt x 217.4621pt.
<./figure/cpu_load_hist.png, id=2542, 1387.584pt x 724.8681pt>
File: ./figure/cpu_load_hist.png Graphic file (type png)
<use ./figure/cpu_load_hist.png>
Package pdftex.def Info: ./figure/cpu_load_hist.png  used on input line 3730.
(pdftex.def)             Requested size: 416.27841pt x 217.4621pt.
 (/usr/share/texlive/texmf-dist/tex/latex/ucs/data/uni-0.def
File: uni-0.def 2013/05/13 UCS: Unicode data U+0000..U+00FF
) [100] [101] [102

]
Overfull \vbox (14.0pt too high) has occurred while \output is active []

 (/usr/share/texlive/texmf-dist/tex/latex/ucs/data/uni-33.def
File: uni-33.def 2013/05/13 UCS: Unicode data U+2100..U+21FF
)
Underfull \hbox (badness 1331) in paragraph at lines 3754--3755
[]\T2A/cmr/m/n/14.4 Miratabzadeh S. A. и др. Cloud robotics: A software architecture: For
 []


Underfull \hbox (badness 1448) in paragraph at lines 3754--3755
\T2A/cmr/m/n/14.4 heterogeneous large-scale autonomous robots // 2016 World Automation
 []


Underfull \hbox (badness 1231) in paragraph at lines 3757--3758
[]\T2A/cmr/m/n/14.4 Eng L. Z. Qt5 C++ GUI programming cookbook: practical recipes for
 []

[103

]
Underfull \hbox (badness 1924) in paragraph at lines 3769--3770
[]\T2A/cmr/m/n/14.4 Олифер В. Ком-пью-тер-ные се-ти. Прин-ци-пы, тех-но-ло-гии, про-то-ко-лы.
 []

[104]
Underfull \hbox (badness 10000) in paragraph at lines 3789--3790
[]\T2A/cmr/m/n/14.4 Simple Participant Discovery [Элек-трон-ный ре-сурс]. URL: [][]$\T2A/cmtt/m/n/14.4 https :
 []


Underfull \hbox (badness 10000) in paragraph at lines 3789--3790
\T2A/cmtt/m/n/14.4 / / community . rti . com / static / documentation / connext-[]dds / current /
 []


Underfull \hbox (badness 10000) in paragraph at lines 3789--3790
\T2A/cmtt/m/n/14.4 doc / manuals / connext _ dds _ professional / users _ manual / users _ manual /
 []

[105]
Underfull \hbox (badness 2096) in paragraph at lines 3799--3800
[]\T2A/cmr/m/n/14.4 Kitanov A., Indelman V. Topological belief space planning for active
 []

[106]
Underfull \hbox (badness 1127) in paragraph at lines 3806--3807
[]\T2A/cmr/m/n/14.4 Labbe M., Michaud F. RTAB-Map as an open-source lidar and visual
 []


Underfull \hbox (badness 1205) in paragraph at lines 3815--3816
[]\T2A/cmr/m/n/14.4 Williams A. C++ concurrency in action. Shelter Island, NY: Manning
 []

[107]
Package atveryend Info: Empty hook `BeforeClearDocument' on input line 3824.
 [108]
Package atveryend Info: Empty hook `AfterLastShipout' on input line 3824.
 (/home/sees/CommLineProg/study/diplom/mag/new.aux)
Package atveryend Info: Executing hook `AtVeryEndDocument' on input line 3824.
Package atveryend Info: Executing hook `AtEndAfterFileList' on input line 3824.
Package rerunfilecheck Info: File `new.out' has not changed.
(rerunfilecheck)             Checksum: 7ABA73EF4AEEC0813EE0D4C7CE7B9EAF;8481.


LaTeX Warning: There were multiply-defined labels.

Package atveryend Info: Empty hook `AtVeryVeryEnd' on input line 3824.
 ) 
Here is how much of TeX's memory you used:
 19699 strings out of 482657
 281084 string characters out of 5957838
 881577 words of memory out of 5000000
 32499 multiletter control sequences out of 15000+600000
 550430 words of font info for 53 fonts, out of 8000000 for 9000
 430 hyphenation exceptions out of 8191
 40i,10n,62p,4524b,2200s stack positions out of 5000i,500n,10000p,200000b,80000s
 </home/sees/.texlive2019/texmf-var/fonts/pk/ljfour/lh/lh-t2a/latt1440.600pk> </home/sees/.texlive2019/texmf-var/fonts/pk/ljfour/lh/lh-t2a/latt1000.600pk> </home/sees/.texlive2019/texmf-var/fonts/pk/ljfour/lh/lh-t2a/latt1200.600pk> </home/sees/.texlive2019/texmf-var/fonts/pk/ljfour/lh/lh-t2a/larm0600.600pk> </home/sees/.texlive2019/texmf-var/fonts/pk/ljfour/lh/lh-t2a/labx1728.600pk> </home/sees/.texlive2019/texmf-var/fonts/pk/ljfour/lh/lh-t2a/lasl1440.600pk> </home/sees/.texlive2019/texmf-var/fonts/pk/ljfour/lh/lh-t2a/labl1440.600pk> </home/sees/.texlive2019/texmf-var/fonts/pk/ljfour/lh/lh-t2a/labx2074.600pk> </home/sees/.texlive2019/texmf-var/fonts/pk/ljfour/lh/lh-t2a/labx2986.600pk> </home/sees/.texlive2019/texmf-var/fonts/pk/ljfour/lh/lh-t2a/labx3583.600pk> </home/sees/.texlive2019/texmf-var/fonts/pk/ljfour/jknappen/ec/tcrm1440.600pk> </home/sees/.texlive2019/texmf-var/fonts/pk/ljfour/lh/lh-t2a/larm1440.600pk> </home/sees/.texlive2019/texmf-var/fonts/pk/ljfour/lh/lh-t2a/labx1440.600pk></usr/share/texlive/texmf-dist/fonts/type1/public/amsfonts/cm/cmex10.pfb></usr/share/texlive/texmf-dist/fonts/type1/public/amsfonts/cm/cmmi10.pfb></usr/share/texlive/texmf-dist/fonts/type1/public/amsfonts/cm/cmmi12.pfb></usr/share/texlive/texmf-dist/fonts/type1/public/amsfonts/cm/cmmi7.pfb></usr/share/texlive/texmf-dist/fonts/type1/public/amsfonts/cm/cmr10.pfb></usr/share/texlive/texmf-dist/fonts/type1/public/amsfonts/cm/cmr12.pfb></usr/share/texlive/texmf-dist/fonts/type1/public/amsfonts/cm/cmsy10.pfb>
Output written on /home/sees/CommLineProg/study/diplom/mag/new.pdf (108 pages, 1377593 bytes).
PDF statistics:
 3718 PDF objects out of 4296 (max. 8388607)
 2867 compressed objects within 29 object streams
 1930 named destinations out of 2073 (max. 500000)
 401 words of extra memory for PDF output out of 10000 (max. 10000000)

