\BOOKMARK [0][-]{chapter*.2}{\376\377\004\022\004\062\004\065\004\064\004\065\004\075\004\070\004\065}{}% 1
\BOOKMARK [0][-]{chapter.1}{\376\377\004\020\004\075\004\060\004\073\004\070\004\067\000\040\004\077\004\100\004\065\004\064\004\074\004\065\004\102\004\075\004\076\004\071\000\040\004\076\004\061\004\073\004\060\004\101\004\102\004\070}{}% 2
\BOOKMARK [1][-]{section.1.1}{\376\377\000R\000O\000S\0002}{chapter.1}% 3
\BOOKMARK [2][-]{subsection.1.1.1}{\376\377\004\036\004\101\004\075\004\076\004\062\004\113\000\040\000R\000O\000S\0002}{section.1.1}% 4
\BOOKMARK [2][-]{subsection.1.1.2}{\376\377\004\037\004\060\004\072\004\065\004\102\004\113\000\040\000R\000O\000S\0002}{section.1.1}% 5
\BOOKMARK [2][-]{subsection.1.1.3}{\376\377\004\030\004\101\004\077\004\076\004\073\004\114\004\067\004\076\004\062\004\060\004\075\004\070\004\065\000\040\000R\000O\000S\0002}{section.1.1}% 6
\BOOKMARK [2][-]{subsection.1.1.4}{\376\377\000F\000a\000s\000t\000D\000D\000S\000\040\000S\000e\000r\000v\000e\000r}{section.1.1}% 7
\BOOKMARK [1][-]{section.1.2}{\376\377\000D\000o\000c\000k\000e\000r}{chapter.1}% 8
\BOOKMARK [2][-]{subsection.1.2.1}{\376\377\004\036\004\101\004\075\004\076\004\062\004\113\000\040\000D\000o\000c\000k\000e\000r}{section.1.2}% 9
\BOOKMARK [2][-]{subsection.1.2.2}{\376\377\004\037\004\100\004\065\004\070\004\074\004\103\004\111\004\065\004\101\004\102\004\062\004\060\000\040\000D\000o\000c\000k\000e\000r}{section.1.2}% 10
\BOOKMARK [1][-]{section.1.3}{\376\377\004\020\004\073\004\063\004\076\004\100\004\070\004\102\004\074\004\113\000\040\004\076\004\064\004\075\004\076\004\062\004\100\004\065\004\074\004\065\004\075\004\075\004\076\004\063\004\076\000\040\004\072\004\060\004\100\004\102\004\076\004\063\004\100\004\060\004\104\004\070\004\100\004\076\004\062\004\060\004\075\004\070\004\117\000\040\004\070\000\040\004\073\004\076\004\072\004\060\004\073\004\070\004\067\004\060\004\106\004\070\004\070}{chapter.1}% 11
\BOOKMARK [2][-]{subsection.1.3.1}{\376\377\000O\000p\000e\000n\000S\000l\000a\000m\000'\000s\000\040\000G\000m\000a\000p\000p\000i\000n\000g\000\040\000+\000\040\000A\000M\000C\000L\000/\000G\000M\000C\000L}{section.1.3}% 12
\BOOKMARK [2][-]{subsection.1.3.2}{\376\377\000h\000e\000c\000t\000o\000r\000\137\000s\000l\000a\000m}{section.1.3}% 13
\BOOKMARK [2][-]{subsection.1.3.3}{\376\377\000r\000t\000a\000b\000m\000a\000p\000\137\000r\000o\000s}{section.1.3}% 14
\BOOKMARK [2][-]{subsection.1.3.4}{\376\377\000c\000a\000r\000t\000o\000g\000r\000a\000p\000h\000e\000r\000\137\000r\000o\000s}{section.1.3}% 15
\BOOKMARK [1][-]{section.1.4}{\376\377\004\042\004\065\004\105\004\075\004\076\004\073\004\076\004\063\004\070\004\070\000\040\004\070\000\040\004\070\004\075\004\101\004\102\004\100\004\103\004\074\004\065\004\075\004\102\004\113\000\040\004\100\004\060\004\067\004\100\004\060\004\061\004\076\004\102\004\072\004\070\000\040\004\101\004\065\004\102\004\065\004\062\004\113\004\105\000\040\004\101\004\065\004\100\004\062\004\070\004\101\004\076\004\062}{chapter.1}% 16
\BOOKMARK [0][-]{chapter.2}{\376\377\004\037\004\100\004\076\004\065\004\072\004\102\004\070\004\100\004\076\004\062\004\060\004\075\004\070\004\065\000\040\004\060\004\100\004\105\004\070\004\102\004\065\004\072\004\102\004\103\004\100\004\113\000\040\004\101\004\065\004\102\004\065\004\062\004\076\004\063\004\076\000\040\004\101\004\065\004\100\004\062\004\070\004\101\004\060}{}% 17
\BOOKMARK [1][-]{section.2.1}{\376\377\004\020\004\075\004\060\004\073\004\070\004\067\000\040\004\102\004\100\004\065\004\061\004\076\004\062\004\060\004\075\004\070\004\071\000\040\004\072\000\040\004\101\004\070\004\101\004\102\004\065\004\074\004\065}{chapter.2}% 18
\BOOKMARK [1][-]{section.2.2}{\376\377\004\020\004\100\004\105\004\070\004\102\004\065\004\072\004\102\004\103\004\100\004\060\000\040\004\101\004\070\004\101\004\102\004\065\004\074\004\113}{chapter.2}% 19
\BOOKMARK [2][-]{subsection.2.2.1}{\376\377\004\020\004\100\004\105\004\070\004\102\004\065\004\072\004\102\004\103\004\100\004\060\000\040\004\101\004\065\004\102\004\065\004\062\004\076\004\063\004\076\000\040\004\062\004\067\004\060\004\070\004\074\004\076\004\064\004\065\004\071\004\101\004\102\004\062\004\070\004\117}{section.2.2}% 20
\BOOKMARK [1][-]{section.2.3}{\376\377\004\020\004\100\004\105\004\070\004\102\004\065\004\072\004\102\004\103\004\100\004\060\000\040\004\063\004\100\004\060\004\104\004\070\004\107\004\065\004\101\004\072\004\076\004\063\004\076\000\040\004\070\004\075\004\102\004\065\004\100\004\104\004\065\004\071\004\101\004\060\000\040\004\077\004\076\004\073\004\114\004\067\004\076\004\062\004\060\004\102\004\065\004\073\004\117}{chapter.2}% 21
\BOOKMARK [2][-]{subsection.2.3.1}{\376\377\004\024\004\070\004\060\004\063\004\100\004\060\004\074\004\074\004\060\000\040\004\072\004\073\004\060\004\101\004\101\004\076\004\062\000\040\000U\000M\000L}{section.2.3}% 22
\BOOKMARK [0][-]{chapter.3}{\376\377\004\040\004\065\004\060\004\073\004\070\004\067\004\060\004\106\004\070\004\117\000\040\004\101\004\065\004\102\004\065\004\062\004\076\004\063\004\076\000\040\004\101\004\065\004\100\004\062\004\070\004\101\004\060}{}% 23
\BOOKMARK [1][-]{section.3.1}{\376\377\004\040\004\060\004\067\004\100\004\060\004\061\004\076\004\102\004\072\004\060\000\040\004\101\004\065\004\102\004\065\004\062\004\076\004\063\004\076\000\040\004\062\004\067\004\060\004\070\004\074\004\076\004\064\004\065\004\071\004\101\004\102\004\062\004\070\004\117}{chapter.3}% 24
\BOOKMARK [2][-]{subsection.3.1.1}{\376\377\000C\004\076\004\067\004\064\004\060\004\075\004\070\004\117\000\040\004\070\004\075\004\104\004\100\004\060\004\101\004\102\004\100\004\103\004\072\004\102\004\103\004\100\004\113\000\040\004\101\004\062\004\117\004\067\004\070}{section.3.1}% 25
\BOOKMARK [2][-]{subsection.3.1.2}{\376\377\004\037\004\065\004\100\004\065\004\101\004\101\004\113\004\073\004\072\004\060\000\040\004\064\004\060\004\075\004\075\004\113\004\105\000\040\004\074\004\065\004\066\004\064\004\103\000\040\004\103\004\101\004\102\004\100\004\076\004\071\004\101\004\102\004\062\004\060\004\074\004\070}{section.3.1}% 26
\BOOKMARK [2][-]{subsection.3.1.3}{\376\377\004\037\004\100\004\076\004\102\004\076\004\072\004\076\004\073\000\040\004\101\004\062\004\117\004\067\004\070}{section.3.1}% 27
\BOOKMARK [2][-]{subsection.3.1.4}{\376\377\004\036\004\061\004\100\004\060\004\061\004\076\004\102\004\072\004\060\000\040\004\064\004\060\004\075\004\075\004\113\004\105\000\040\004\072\004\073\004\070\004\065\004\075\004\102\004\060}{section.3.1}% 28
\BOOKMARK [2][-]{subsection.3.1.5}{\376\377\004\036\004\061\004\100\004\060\004\061\004\076\004\102\004\072\004\060\000\040\004\064\004\060\004\075\004\075\004\113\004\105\000\040\004\101\004\065\004\100\004\062\004\065\004\100\004\076\004\074}{section.3.1}% 29
\BOOKMARK [2][-]{subsection.3.1.6}{\376\377\000C\004\070\004\075\004\105\004\100\004\076\004\075\004\070\004\067\004\070\004\100\004\103\004\116\004\111\004\065\004\065\000\040\004\105\004\100\004\060\004\075\004\070\004\073\004\070\004\111\004\065}{section.3.1}% 30
\BOOKMARK [1][-]{section.3.2}{\376\377\004\040\004\060\004\067\004\100\004\060\004\061\004\076\004\102\004\072\004\060\000\040\004\063\004\100\004\060\004\104\004\070\004\107\004\065\004\101\004\072\004\076\004\063\004\076\000\040\004\070\004\075\004\102\004\065\004\100\004\104\004\065\004\071\004\101\004\060\000\040\004\077\004\076\004\073\004\114\004\067\004\076\004\062\004\060\004\102\004\065\004\073\004\117}{chapter.3}% 31
\BOOKMARK [2][-]{subsection.3.2.1}{\376\377\004\040\004\065\004\060\004\073\004\070\004\067\004\060\004\106\004\070\004\117\000\040\004\063\004\073\004\060\004\062\004\075\004\076\004\063\004\076\000\040\004\076\004\072\004\075\004\060}{section.3.2}% 32
\BOOKMARK [2][-]{subsection.3.2.2}{\376\377\004\040\004\065\004\060\004\073\004\070\004\067\004\060\004\106\004\070\004\117\000\040\004\062\004\070\004\064\004\066\004\065\004\102\004\060\000\040\004\072\004\073\004\070\004\065\004\075\004\102\004\060}{section.3.2}% 33
\BOOKMARK [0][-]{chapter.4}{\376\377\004\027\004\060\004\072\004\073\004\116\004\107\004\065\004\075\004\070\004\065}{}% 34
\BOOKMARK [1][-]{section.4.1}{\376\377\004\036\004\101\004\075\004\076\004\062\004\075\004\113\004\065\000\040\004\100\004\065\004\067\004\103\004\073\004\114\004\102\004\060\004\102\004\113\000\040\004\070\004\101\004\101\004\073\004\065\004\064\004\076\004\062\004\060\004\075\004\070\004\117}{chapter.4}% 35
\BOOKMARK [1][-]{section.4.2}{\376\377\004\024\004\060\004\073\004\114\004\075\004\065\004\071\004\110\004\065\004\065\000\040\004\075\004\060\004\077\004\100\004\060\004\062\004\073\004\065\004\075\004\070\004\065\000\040\004\070\004\101\004\101\004\073\004\065\004\064\004\076\004\062\004\060\004\075\004\070\004\071}{chapter.4}% 36
